<?xml version="1.0" encoding="UTF-8"?>
<testsuite xmlns:xsi="http://www.w3.org/2001/XMLSchema-instance" xsi:noNamespaceSchemaLocation="https://maven.apache.org/surefire/maven-surefire-plugin/xsd/surefire-test-report-3.0.xsd" version="3.0" name="phase1.WordCounterTest" time="0.092" tests="6" errors="0" skipped="0" failures="0">
  <properties>
[...]
</properties>
  <testcase name="testForEmptyFile" classname="phase1.WordCounterTest" time="0.013"/>
  <testcase name="testForWordAndNumber" classname="phase1.WordCounterTest" time="0.004"/>
  <testcase name="testForSimpleSeparator" classname="phase1.WordCounterTest" time="0.003"/>
  <testcase name="testForCombinationSeparator" classname="phase1.WordCounterTest" time="0.003"/>
  <testcase name="testForSimpleText" classname="phase1.WordCounterTest" time="0.003"/>
  <testcase name="testForSeparatorsOnly" classname="phase1.WordCounterTest" time="0.002"/>
</testsuite>